<?xml version="1.0" encoding="UTF-8"?>
<!-- Generated by org.testng.reporters.JUnitReportReporter -->
<testsuite hostname="DESKTOP-N8KHEL2" failures="0" tests="1" name="testNGParallelAndSerialExecution.MyClass1" time="8.164" errors="0" timestamp="2022-06-26T10:18:00 IST" skipped="0">
  <testcase classname="testNGParallelAndSerialExecution.MyClass1" name="fb" time="8.164"/>
  <system-out/>
</testsuite> <!-- testNGParallelAndSerialExecution.MyClass1 -->
