<?xml version="1.0" encoding="UTF-8"?>
<!-- Generated by org.testng.reporters.JUnitReportReporter -->
<testsuite hostname="DESKTOP-N8KHEL2" failures="0" tests="1" name="testNGParallelAndSerialExecution.MyClass2" time="13.536" errors="0" timestamp="2022-06-26T10:18:00 IST" skipped="0">
  <testcase classname="testNGParallelAndSerialExecution.MyClass2" name="zero" time="13.536"/>
  <system-out/>
</testsuite> <!-- testNGParallelAndSerialExecution.MyClass2 -->
