<?xml version="1.0" encoding="UTF-8"?>
<!-- Generated by org.testng.reporters.JUnitReportReporter -->
<testsuite hostname="DESKTOP-N8KHEL2" failures="0" tests="2" name="CrossBrowserTesting.CrossBrowserAmazon" time="98.127" errors="0" timestamp="2022-06-30T07:23:26 IST" skipped="0">
  <testcase classname="CrossBrowserTesting.CrossBrowserAmazon" name="myMethod" time="60.241"/>
  <system-out/>
  <testcase classname="CrossBrowserTesting.CrossBrowserAmazon" name="myMethod" time="37.886"/>
  <system-out/>
</testsuite> <!-- CrossBrowserTesting.CrossBrowserAmazon -->
