<?xml version="1.0" encoding="UTF-8"?>
<!-- Generated by org.testng.reporters.JUnitReportReporter -->
<testsuite hostname="DESKTOP-N8KHEL2" failures="0" tests="1" name="newKiteTest.ValidateUserName" time="11.881" errors="0" timestamp="2022-07-07T12:33:38 IST" skipped="0">
  <testcase classname="newKiteTest.ValidateUserName" name="validateUserName" time="11.881"/>
  <system-out>
    <![CDATA[values of actualUserName and expectedUserName maches hence Tc is passed]]>
  </system-out>
</testsuite> <!-- newKiteTest.ValidateUserName -->
