<?xml version="1.0" encoding="UTF-8"?>
<!-- Generated by org.testng.reporters.JUnitReportReporter -->
<testsuite hostname="DESKTOP-N8KHEL2" failures="0" tests="2" name="testNGStudy.MyTest" time="54.919" errors="0" timestamp="2022-06-21T17:52:27 IST" skipped="0">
  <testcase classname="testNGStudy.MyTest" name="zerodhaLaunch" time="10.954"/>
  <system-out>
    <![CDATA[method is running as expected]]>
  </system-out>
  <testcase classname="testNGStudy.MyTest" name="urlLaunch" time="43.965"/>
  <system-out>
    <![CDATA[method is running as expected]]>
  </system-out>
</testsuite> <!-- testNGStudy.MyTest -->
