<?xml version="1.0" encoding="UTF-8"?>
<!-- Generated by org.testng.reporters.JUnitReportReporter -->
<testsuite hostname="DESKTOP-N8KHEL2" failures="0" tests="2" name="testNGAnnotationStudy.AnnotationStudy" time="0.016" errors="0" timestamp="2022-06-22T19:38:18 IST" skipped="0">
  <testcase classname="testNGAnnotationStudy.AnnotationStudy" name="test2" time="0.002"/>
  <system-out>
    <![CDATA[method test2 run successfully]]>
  </system-out>
  <testcase classname="testNGAnnotationStudy.AnnotationStudy" name="test1" time="0.014"/>
  <system-out>
    <![CDATA[method test1 run successfully]]>
  </system-out>
</testsuite> <!-- testNGAnnotationStudy.AnnotationStudy -->
