<?xml version="1.0" encoding="UTF-8"?>
<!-- Generated by org.testng.reporters.JUnitReportReporter -->
<testsuite hostname="DESKTOP-N8KHEL2" failures="0" tests="1" name="testNGSoftAssertStudy.EqualsAndNotEqualsUse" time="0.025" errors="0" timestamp="2022-06-29T21:00:39 IST" skipped="0">
  <testcase classname="testNGSoftAssertStudy.EqualsAndNotEqualsUse" name="myMethod" time="0.025"/>
  <system-out>
    <![CDATA[values of the city and city1 is not equal hence TC is passed
the value of city is not null hence the TC is Passed]]>
  </system-out>
</testsuite> <!-- testNGSoftAssertStudy.EqualsAndNotEqualsUse -->
