<?xml version="1.0" encoding="UTF-8"?>
<!-- Generated by org.testng.reporters.JUnitReportReporter -->
<testsuite hostname="DESKTOP-N8KHEL2" failures="0" tests="3" name="testNGKeywordStudy.PriorityStudy" time="0.019" errors="0" timestamp="2022-06-23T20:43:15 IST" skipped="0">
  <testcase classname="testNGKeywordStudy.PriorityStudy" name="logout" time="0.015"/>
  <system-out>
    <![CDATA[logout is successful]]>
  </system-out>
  <testcase classname="testNGKeywordStudy.PriorityStudy" name="login" time="0.003"/>
  <system-out>
    <![CDATA[login is sucess full]]>
  </system-out>
  <testcase classname="testNGKeywordStudy.PriorityStudy" name="functionalityCheck" time="0.001"/>
  <system-out>
    <![CDATA[Fuctionality is successfully check]]>
  </system-out>
</testsuite> <!-- testNGKeywordStudy.PriorityStudy -->
