<?xml version="1.0" encoding="UTF-8"?>
<!-- Generated by org.testng.reporters.JUnitReportReporter -->
<testsuite hostname="DESKTOP-N8KHEL2" failures="0" tests="2" name="testNGKeywordStudy.GrouppingStudy2" time="0.020" errors="0" timestamp="2022-06-26T15:11:43 IST" skipped="0">
  <testcase classname="testNGKeywordStudy.GrouppingStudy2" name="jk" time="0.003"/>
  <system-out>
    <![CDATA[method jk is running properly,regression]]>
  </system-out>
  <testcase classname="testNGKeywordStudy.GrouppingStudy2" name="dh" time="0.017"/>
  <system-out>
    <![CDATA[method dh is running properly,sanity]]>
  </system-out>
</testsuite> <!-- testNGKeywordStudy.GrouppingStudy2 -->
