<?xml version="1.0" encoding="UTF-8"?>
<!-- Generated by org.testng.reporters.JUnitReportReporter -->
<testsuite hostname="DESKTOP-N8KHEL2" failures="0" tests="2" name="testNGAnnotationStudy.AnnotationStudy2" time="0.013" errors="0" timestamp="2022-06-22T21:18:10 IST" skipped="0">
  <testcase classname="testNGAnnotationStudy.AnnotationStudy2" name="validateUserID" time="0.006"/>
  <system-out>
    <![CDATA[User ID Validated]]>
  </system-out>
  <testcase classname="testNGAnnotationStudy.AnnotationStudy2" name="validateDashBoard" time="0.007"/>
  <system-out>
    <![CDATA[DashBoard Validated]]>
  </system-out>
</testsuite> <!-- testNGAnnotationStudy.AnnotationStudy2 -->
