<?xml version="1.0" encoding="UTF-8"?>
<!-- Generated by org.testng.reporters.JUnitReportReporter -->
<testsuite hostname="DESKTOP-N8KHEL2" failures="0" tests="3" name="testNGKeywordStudy.EnableStudy" time="0.015" errors="0" timestamp="2022-06-23T21:08:29 IST" skipped="1">
  <testcase classname="testNGKeywordStudy.EnableStudy" name="functionalityCheck" time="0.014"/>
  <system-out>
    <![CDATA[Fuctionality is successfully check]]>
  </system-out>
  <testcase classname="testNGKeywordStudy.EnableStudy" name="login" time="0.001"/>
  <system-out>
    <![CDATA[login is sucess full]]>
  </system-out>
  <testcase classname="testNGKeywordStudy.EnableStudy" name="logout">
    <skipped/>
  </testcase> <!-- logout -->
  <system-out/>
</testsuite> <!-- testNGKeywordStudy.EnableStudy -->
