<?xml version="1.0" encoding="UTF-8"?>
<!-- Generated by org.testng.reporters.JUnitReportReporter -->
<testsuite hostname="DESKTOP-N8KHEL2" failures="0" tests="5" name="testNGKeywordStudy.InvocationCountStudy" time="0.029" errors="0" timestamp="2022-06-22T21:12:31 IST" skipped="0">
  <testcase classname="testNGKeywordStudy.InvocationCountStudy" name="fbTimelineCheck" time="0.004"/>
  <system-out>
    <![CDATA[FB timeline check successfully]]>
  </system-out>
  <testcase classname="testNGKeywordStudy.InvocationCountStudy" name="fbTimelineCheck" time="0.008"/>
  <system-out>
    <![CDATA[FB timeline check successfully]]>
  </system-out>
  <testcase classname="testNGKeywordStudy.InvocationCountStudy" name="fbTimelineCheck" time="0.011"/>
  <system-out>
    <![CDATA[FB timeline check successfully]]>
  </system-out>
  <testcase classname="testNGKeywordStudy.InvocationCountStudy" name="fbTimelineCheck" time="0.003"/>
  <system-out>
    <![CDATA[FB timeline check successfully]]>
  </system-out>
  <testcase classname="testNGKeywordStudy.InvocationCountStudy" name="fbTimelineCheck" time="0.003"/>
  <system-out>
    <![CDATA[FB timeline check successfully]]>
  </system-out>
</testsuite> <!-- testNGKeywordStudy.InvocationCountStudy -->
