<?xml version="1.0" encoding="UTF-8"?>
<!-- Generated by org.testng.reporters.JUnitReportReporter -->
<testsuite hostname="DESKTOP-N8KHEL2" failures="0" tests="2" name="testNGKeywordStudy.DependsOnMethodsStudy" time="0.012" errors="0" timestamp="2022-06-23T21:19:37 IST" skipped="0">
  <testcase classname="testNGKeywordStudy.DependsOnMethodsStudy" name="x" time="0.011"/>
  <system-out>
    <![CDATA[good morning]]>
  </system-out>
  <testcase classname="testNGKeywordStudy.DependsOnMethodsStudy" name="d" time="0.001"/>
  <system-out>
    <![CDATA[hello]]>
  </system-out>
</testsuite> <!-- testNGKeywordStudy.DependsOnMethodsStudy -->
