<?xml version="1.0" encoding="UTF-8"?>
<!-- Generated by org.testng.reporters.JUnitReportReporter -->
<testsuite hostname="DESKTOP-N8KHEL2" failures="0" tests="2" name="CrossBrowserTesting.CrossBrowserTest" time="71.901" errors="0" timestamp="2022-06-30T06:52:28 IST" skipped="0">
  <testcase classname="CrossBrowserTesting.CrossBrowserTest" name="myMethod" time="30.905"/>
  <system-out/>
  <testcase classname="CrossBrowserTesting.CrossBrowserTest" name="myMethod" time="40.996"/>
  <system-out/>
</testsuite> <!-- CrossBrowserTesting.CrossBrowserTest -->
