<?xml version="1.0" encoding="UTF-8"?>
<!-- Generated by org.testng.reporters.JUnitReportReporter -->
<testsuite hostname="DESKTOP-N8KHEL2" failures="0" tests="1" name="CrossBrowserTesting.FirefoxTest" time="46.279" errors="0" timestamp="2022-06-30T06:40:08 IST" skipped="0">
  <testcase classname="CrossBrowserTesting.FirefoxTest" name="myMethod" time="46.279"/>
  <system-out/>
</testsuite> <!-- CrossBrowserTesting.FirefoxTest -->
