<?xml version="1.0" encoding="UTF-8"?>
<!-- Generated by org.testng.reporters.JUnitReportReporter -->
<testsuite hostname="DESKTOP-N8KHEL2" failures="0" tests="1" name="testNGSoftAssertStudy.SoftAssertTrueAndFalse" time="0.029" errors="0" timestamp="2022-06-29T21:33:14 IST" skipped="0">
  <testcase classname="testNGSoftAssertStudy.SoftAssertTrueAndFalse" name="myMethod" time="0.029"/>
  <system-out/>
</testsuite> <!-- testNGSoftAssertStudy.SoftAssertTrueAndFalse -->
