<?xml version="1.0" encoding="UTF-8"?>
<!-- Generated by org.testng.reporters.JUnitReportReporter -->
<testsuite hostname="DESKTOP-N8KHEL2" failures="0" tests="2" name="testNGKeywordStudy.GrouppingStudy" time="0.008" errors="0" timestamp="2022-06-26T15:11:43 IST" skipped="0">
  <testcase classname="testNGKeywordStudy.GrouppingStudy" name="x" time="0.006"/>
  <system-out>
    <![CDATA[method x is running fine,sanity]]>
  </system-out>
  <testcase classname="testNGKeywordStudy.GrouppingStudy" name="y" time="0.002"/>
  <system-out>
    <![CDATA[method y is running fine,sanity]]>
  </system-out>
</testsuite> <!-- testNGKeywordStudy.GrouppingStudy -->
